<?xml version="1.0" encoding="UTF-8"?>
<testng-results skipped="0" failed="0" total="1" passed="1">
  <reporter-output>
  </reporter-output>
  <suite name="Default suite" duration-ms="37267" started-at="2016-10-12T00:10:21Z" finished-at="2016-10-12T00:10:59Z">
    <groups>
    </groups>
    <test name="Default test" duration-ms="37267" started-at="2016-10-12T00:10:21Z" finished-at="2016-10-12T00:10:59Z">
      <class name="org.test.WebcamTest">
        <test-method status="PASS" signature="test()[pri:0, instance:org.test.WebcamTest@3532ec19]" name="test" duration-ms="37248" started-at="2016-10-12T05:40:22Z" finished-at="2016-10-12T05:40:59Z">
          <reporter-output>
          </reporter-output>
        </test-method> <!-- test -->
      </class> <!-- org.test.WebcamTest -->
    </test> <!-- Default test -->
  </suite> <!-- Default suite -->
</testng-results>
